commit a4f2e1d9c8b7a6f5e4d3c2b1a0f9e8d7c6b5a4f3
Author: Alice Chen <alice@example.com>
Date:   Mon Apr 14 14:32:11 2026 +0000
    feat: add CSV export to reports module

commit 7e3d2c1b0a9f8e7d6c5b4a3f2e1d0c9b8a7f6e5
Author: Bob Martinez <bob@example.com>
Date:   Fri Apr 11 09:15:44 2026 +0000
    fix: correct off-by-one in pagination logic

commit 3b1a0f9e8d7c6b5a4f3e2d1c0b9a8f7e6d5c4b3
Author: Alice Chen <alice@example.com>
Date:   Wed Apr 9 16:48:22 2026 +0000
    chore: update dependencies to latest patch versions

commit 9f8e7d6c5b4a3f2e1d0c9b8a7f6e5d4c3b2a1f0
Author: Carol Kim <carol@example.com>
Date:   Mon Apr 7 11:22:05 2026 +0000
    feat: add bulk delete endpoint for admin users

commit 5d4c3b2a1f0e9d8c7b6a5f4e3d2c1b0a9f8e7d6
Author: Bob Martinez <bob@example.com>
Date:   Thu Apr 3 08:55:33 2026 +0000
    refactor: extract order calculation into separate service
